<?xml version="1.0" encoding="UTF-8"?>
<testsuite xmlns:xsi="http://www.w3.org/2001/XMLSchema-instance" xsi:noNamespaceSchemaLocation="https://maven.apache.org/surefire/maven-surefire-plugin/xsd/surefire-test-report.xsd" version="3.0.2" name="com.learning.exkubedemo.ExKubeDemoApplicationTests" time="4.166" tests="1" errors="0" skipped="0" failures="0">
  <properties>
[...]
</properties>
  <testcase name="contextLoads" classname="com.learning.exkubedemo.ExKubeDemoApplicationTests" time="1.041">
    <system-out><![CDATA[17:08:57.422 [main] INFO org.springframework.test.context.support.AnnotationConfigContextLoaderUtils -- Could not detect default configuration classes for test class [com.learning.exkubedemo.ExKubeDemoApplicationTests]: ExKubeDemoApplicationTests does not declare any static, non-private, non-final, nested classes annotated with @Configuration.
17:08:57.611 [main] INFO org.springframework.boot.test.context.SpringBootTestContextBootstrapper -- Found @SpringBootConfiguration com.learning.exkubedemo.ExKubeDemoApplication for test class com.learning.exkubedemo.ExKubeDemoApplicationTests

  .   ____          _            __ _ _
 /\\ / ___'_ __ _ _(_)_ __  __ _ \ \ \ \
( ( )\___ | '_ | '_| | '_ \/ _` | \ \ \ \
 \\/  ___)| |_)| | | | | || (_| |  ) ) ) )
  '  |____| .__|_| |_|_| |_\__, | / / / /
 =========|_|==============|___/=/_/_/_/

 :: Spring Boot ::                (v3.4.5)

2025-05-16T17:08:58.293+05:30  INFO 20376 --- [ExKubeDemo] [           main] c.l.e.ExKubeDemoApplicationTests         : Starting ExKubeDemoApplicationTests using Java 21.0.5 with PID 20376 (started by manok in D:\DemoProjects3\ExKubeDemo)
2025-05-16T17:08:58.295+05:30  INFO 20376 --- [ExKubeDemo] [           main] c.l.e.ExKubeDemoApplicationTests         : No active profile set, falling back to 1 default profile: "default"
2025-05-16T17:09:00.317+05:30  INFO 20376 --- [ExKubeDemo] [           main] c.l.e.ExKubeDemoApplicationTests         : Started ExKubeDemoApplicationTests in 2.488 seconds (process running for 3.787)
]]></system-out>
    <system-err><![CDATA[Mockito is currently self-attaching to enable the inline-mock-maker. This will no longer work in future releases of the JDK. Please add Mockito as an agent to your build what is described in Mockito's documentation: https://javadoc.io/doc/org.mockito/mockito-core/latest/org/mockito/Mockito.html#0.3
WARNING: A Java agent has been loaded dynamically (C:\Users\manok\.m2\repository\net\bytebuddy\byte-buddy-agent\1.15.11\byte-buddy-agent-1.15.11.jar)
WARNING: If a serviceability tool is in use, please run with -XX:+EnableDynamicAgentLoading to hide this warning
WARNING: If a serviceability tool is not in use, please run with -Djdk.instrument.traceUsage for more information
WARNING: Dynamic loading of agents will be disallowed by default in a future release
]]></system-err>
  </testcase>
</testsuite>